<?xml version="1.0" encoding="UTF-8"?>
<testsuite name="Scenario: Successfully change password an account when the old password is correct" tests="4" skipped="0" failures="0" errors="0" timestamp="2020-10-19T00:30:39" hostname="LAPTOP-4NT96HP1" time="0.017">
  <properties/>
  <testcase name="Given Account with a password of &quot;test123&quot;" classname="Scenario: Successfully change password an account when the old password is correct" time="0.002"/>
  <testcase name="When Trying to change password for &quot;test123&quot; to &quot;aninfo&quot;" classname="Scenario: Successfully change password an account when the old password is correct" time="0.002"/>
  <testcase name="Then Account password is &quot;aninfo&quot;" classname="Scenario: Successfully change password an account when the old password is correct" time="0.002"/>
  <testcase name="classMethod" classname="Scenario: Successfully change password an account when the old password is correct" time="0.023"/>
  <system-out><![CDATA[]]></system-out>
  <system-err><![CDATA[]]></system-err>
</testsuite>
