<?xml version="1.0" encoding="UTF-8"?>
<testsuite name="Scenario: Unsuccessfully login an account when the password is wrong" tests="4" skipped="0" failures="0" errors="0" timestamp="2020-10-19T00:30:39" hostname="LAPTOP-4NT96HP1" time="0.018">
  <properties/>
  <testcase name="Given Account with a password of &quot;test123&quot;" classname="Scenario: Unsuccessfully login an account when the password is wrong" time="0.002"/>
  <testcase name="When Trying to login with password &quot;test456&quot;" classname="Scenario: Unsuccessfully login an account when the password is wrong" time="0.002"/>
  <testcase name="Then Account is logged in &quot;false&quot;" classname="Scenario: Unsuccessfully login an account when the password is wrong" time="0.002"/>
  <testcase name="classMethod" classname="Scenario: Unsuccessfully login an account when the password is wrong" time="0.021"/>
  <system-out><![CDATA[]]></system-out>
  <system-err><![CDATA[]]></system-err>
</testsuite>
