<?xml version="1.0" encoding="UTF-8"?>
<testsuite name="Scenario: Successfully login an account when the password is correct" tests="4" skipped="0" failures="0" errors="0" timestamp="2020-10-19T00:30:38" hostname="LAPTOP-4NT96HP1" time="0.421">
  <properties/>
  <testcase name="Given Account with a password of &quot;test123&quot;" classname="Scenario: Successfully login an account when the password is correct" time="0.004"/>
  <testcase name="When Trying to login with password &quot;test123&quot;" classname="Scenario: Successfully login an account when the password is correct" time="0.005"/>
  <testcase name="Then Account is logged in &quot;true&quot;" classname="Scenario: Successfully login an account when the password is correct" time="0.379"/>
  <testcase name="classMethod" classname="Scenario: Successfully login an account when the password is correct" time="1.078"/>
  <system-out><![CDATA[]]></system-out>
  <system-err><![CDATA[]]></system-err>
</testsuite>
