<?xml version="1.0" encoding="UTF-8"?>
<testsuite name="Scenario: Unsuccessfully change password an account when the old password is wrong" tests="4" skipped="0" failures="0" errors="0" timestamp="2020-10-19T00:30:39" hostname="LAPTOP-4NT96HP1" time="0.04">
  <properties/>
  <testcase name="Given Account with a password of &quot;aninfo&quot;" classname="Scenario: Unsuccessfully change password an account when the old password is wrong" time="0.004"/>
  <testcase name="When Trying to change password for &quot;psa&quot; to &quot;FIUBA&quot;" classname="Scenario: Unsuccessfully change password an account when the old password is wrong" time="0.012"/>
  <testcase name="Then Account password is &quot;aninfo&quot;" classname="Scenario: Unsuccessfully change password an account when the old password is wrong" time="0.003"/>
  <testcase name="classMethod" classname="Scenario: Unsuccessfully change password an account when the old password is wrong" time="0.051"/>
  <system-out><![CDATA[]]></system-out>
  <system-err><![CDATA[]]></system-err>
</testsuite>
