<?xml version="1.0" encoding="UTF-8"?>
<testsuite name="CucumberRunner" tests="0" skipped="0" failures="0" errors="0" timestamp="1970-01-01T00:00:00" hostname="LAPTOP-4NT96HP1" time="0.0">
  <properties/>
  <system-out><![CDATA[
4 Scenarios (?[32m4 passed?[0m)
12 Steps (?[32m12 passed?[0m)
0m0,658s

]]></system-out>
  <system-err><![CDATA[]]></system-err>
</testsuite>
